<?xml version="1.0" encoding="UTF-8"?>
<!-- Generated by org.testng.reporters.JUnitReportReporter -->
<testsuite skipped="0" hostname="DESKTOP-5OOK7S2" name="test.AddCatagoryTest" tests="1" failures="0" timestamp="2022-05-02T20:15:25 CDT" time="8.591" errors="0">
  <testcase name="validatedAddCatagory" time="8.591" classname="test.AddCatagoryTest"/>
  <system-out/>
</testsuite> <!-- test.AddCatagoryTest -->
