<?xml version="1.0" encoding="UTF-8"?>
<!-- Generated by org.testng.reporters.JUnitReportReporter -->
<testsuite skipped="0" hostname="DESKTOP-5OOK7S2" name="test.DuplicateCatagoryTest" tests="1" failures="0" timestamp="2022-05-02T20:19:30 CDT" time="5.451" errors="0">
  <testcase name="validateUserCannotAddDuplicateCatagory" time="5.451" classname="test.DuplicateCatagoryTest"/>
  <system-out/>
</testsuite> <!-- test.DuplicateCatagoryTest -->
