<?xml version="1.0" encoding="UTF-8"?>
<!-- Generated by org.testng.reporters.JUnitReportReporter -->
<testsuite skipped="0" hostname="DESKTOP-5OOK7S2" name="test.DropdownTest" tests="1" failures="0" timestamp="2022-05-02T20:17:23 CDT" time="2.823" errors="0">
  <testcase name="validateDropDownButton" time="2.823" classname="test.DropdownTest"/>
  <system-out/>
</testsuite> <!-- test.DropdownTest -->
