<?xml version="1.0" encoding="UTF-8"?>
<!-- Generated by org.testng.reporters.JUnitReportReporter -->
<testsuite skipped="0" hostname="DESKTOP-5OOK7S2" name="util.BrowserFactory" tests="1" failures="0" timestamp="2022-04-11T10:47:53 CDT" time="2.669" errors="0">
  <testcase name="init" time="2.669" classname="util.BrowserFactory"/>
  <system-out/>
</testsuite> <!-- util.BrowserFactory -->
